[main 2d2c662] auto: 同步更新 - 2026-03-17 09:20:01
 3 files changed, 25 insertions(+)
 create mode 100644 .wrangler/cache/pages.json
 create mode 100755 auto-sync.sh
 create mode 100644 sync.log
To https://github.com/shuzurenceshi/wuziqi.git
   183e80a..2d2c662  main -> main
[2026-03-17 09:20:01] GitHub 同步成功
/root/wuziqi/auto-sync.sh: line 17: wrangler: command not found
[2026-03-17 09:20:01] Cloudflare 部署成功
[main fea6b00] auto: 同步更新 - 2026-03-17 09:25:01
 1 file changed, 10 insertions(+)
To https://github.com/shuzurenceshi/wuziqi.git
   2d2c662..fea6b00  main -> main
[2026-03-17 09:25:01] GitHub 同步成功
/root/wuziqi/auto-sync.sh: line 17: wrangler: command not found
[2026-03-17 09:25:01] Cloudflare 部署成功
[main 339f2e9] auto: 同步更新 - 2026-03-17 09:30:01
 1 file changed, 7 insertions(+)
To https://github.com/shuzurenceshi/wuziqi.git
   fea6b00..339f2e9  main -> main
[2026-03-17 09:30:01] GitHub 同步成功
/root/wuziqi/auto-sync.sh: line 17: wrangler: command not found
[2026-03-17 09:30:01] Cloudflare 部署成功
[main 9366130] auto: 同步更新 - 2026-03-17 09:35:02
 1 file changed, 7 insertions(+)
To https://github.com/shuzurenceshi/wuziqi.git
   339f2e9..9366130  main -> main
[2026-03-17 09:35:02] GitHub 同步成功
/root/wuziqi/auto-sync.sh: line 17: wrangler: command not found
[2026-03-17 09:35:02] Cloudflare 部署成功
[main e6a2313] auto: 同步更新 - 2026-03-17 09:40:01
 1 file changed, 7 insertions(+)
To https://github.com/shuzurenceshi/wuziqi.git
   9366130..e6a2313  main -> main
[2026-03-17 09:40:01] GitHub 同步成功
/root/wuziqi/auto-sync.sh: line 17: wrangler: command not found
[2026-03-17 09:40:01] Cloudflare 部署成功
[main bbe442c] auto: 同步更新 - 2026-03-17 09:45:01
 1 file changed, 7 insertions(+)
To https://github.com/shuzurenceshi/wuziqi.git
   e6a2313..bbe442c  main -> main
[2026-03-17 09:45:01] GitHub 同步成功
/root/wuziqi/auto-sync.sh: line 17: wrangler: command not found
[2026-03-17 09:45:01] Cloudflare 部署成功
[main 038f229] auto: 同步更新 - 2026-03-17 09:50:01
 1 file changed, 7 insertions(+)
To https://github.com/shuzurenceshi/wuziqi.git
   bbe442c..038f229  main -> main
[2026-03-17 09:50:01] GitHub 同步成功
/root/wuziqi/auto-sync.sh: line 17: wrangler: command not found
[2026-03-17 09:50:01] Cloudflare 部署成功
[main 04de010] auto: 同步更新 - 2026-03-17 09:55:01
 1 file changed, 7 insertions(+)
To https://github.com/shuzurenceshi/wuziqi.git
   038f229..04de010  main -> main
[2026-03-17 09:55:01] GitHub 同步成功
/root/wuziqi/auto-sync.sh: line 17: wrangler: command not found
[2026-03-17 09:55:01] Cloudflare 部署成功
[main b93fc74] auto: 同步更新 - 2026-03-17 10:00:01
 1 file changed, 7 insertions(+)
To https://github.com/shuzurenceshi/wuziqi.git
   04de010..b93fc74  main -> main
[2026-03-17 10:00:01] GitHub 同步成功
/root/wuziqi/auto-sync.sh: line 17: wrangler: command not found
[2026-03-17 10:00:01] Cloudflare 部署成功
[main a77d472] auto: 同步更新 - 2026-03-17 10:05:01
 1 file changed, 7 insertions(+)
To https://github.com/shuzurenceshi/wuziqi.git
   b93fc74..a77d472  main -> main
[2026-03-17 10:05:01] GitHub 同步成功
/root/wuziqi/auto-sync.sh: line 17: wrangler: command not found
[2026-03-17 10:05:01] Cloudflare 部署成功
[main 98d46f4] auto: 同步更新 - 2026-03-17 10:10:01
 1 file changed, 7 insertions(+)
To https://github.com/shuzurenceshi/wuziqi.git
   a77d472..98d46f4  main -> main
[2026-03-17 10:10:01] GitHub 同步成功
/root/wuziqi/auto-sync.sh: line 17: wrangler: command not found
[2026-03-17 10:10:01] Cloudflare 部署成功
[main 84cb131] auto: 同步更新 - 2026-03-17 10:15:01
 1 file changed, 7 insertions(+)
To https://github.com/shuzurenceshi/wuziqi.git
   98d46f4..84cb131  main -> main
[2026-03-17 10:15:01] GitHub 同步成功
/root/wuziqi/auto-sync.sh: line 17: wrangler: command not found
[2026-03-17 10:15:01] Cloudflare 部署成功
